WARNING:tensorflow:From /home/a931/anaconda3/envs/keras/lib/python3.6/site-packages/keras/backend/tensorflow_backend.py:517: The name tf.placeholder is deprecated. Please use tf.compat.v1.placeholder instead.

WARNING:tensorflow:From /home/a931/anaconda3/envs/keras/lib/python3.6/site-packages/keras/backend/tensorflow_backend.py:4138: The name tf.random_uniform is deprecated. Please use tf.random.uniform instead.

WARNING:tensorflow:From /home/a931/anaconda3/envs/keras/lib/python3.6/site-packages/keras/backend/tensorflow_backend.py:131: The name tf.get_default_graph is deprecated. Please use tf.compat.v1.get_default_graph instead.

WARNING:tensorflow:From /home/a931/anaconda3/envs/keras/lib/python3.6/site-packages/keras/backend/tensorflow_backend.py:133: The name tf.placeholder_with_default is deprecated. Please use tf.compat.v1.placeholder_with_default instead.

WARNING:tensorflow:From /home/a931/anaconda3/envs/keras/lib/python3.6/site-packages/keras/backend/tensorflow_backend.py:3445: calling dropout (from tensorflow.python.ops.nn_ops) with keep_prob is deprecated and will be removed in a future version.
Instructions for updating:
Please use `rate` instead of `keep_prob`. Rate should be set to `rate = 1 - keep_prob`.
WARNING:tensorflow:From /home/a931/anaconda3/envs/keras/lib/python3.6/site-packages/keras/backend/tensorflow_backend.py:4185: The name tf.truncated_normal is deprecated. Please use tf.random.truncated_normal instead.

WARNING:tensorflow:From /home/a931/anaconda3/envs/keras/lib/python3.6/site-packages/keras/backend/tensorflow_backend.py:174: The name tf.get_default_session is deprecated. Please use tf.compat.v1.get_default_session instead.

WARNING:tensorflow:From /home/a931/anaconda3/envs/keras/lib/python3.6/site-packages/keras/backend/tensorflow_backend.py:190: The name tf.global_variables is deprecated. Please use tf.compat.v1.global_variables instead.

WARNING:tensorflow:From /home/a931/anaconda3/envs/keras/lib/python3.6/site-packages/keras/backend/tensorflow_backend.py:199: The name tf.is_variable_initialized is deprecated. Please use tf.compat.v1.is_variable_initialized instead.

WARNING:tensorflow:From /home/a931/anaconda3/envs/keras/lib/python3.6/site-packages/keras/backend/tensorflow_backend.py:206: The name tf.variables_initializer is deprecated. Please use tf.compat.v1.variables_initializer instead.

WARNING:tensorflow:From /home/a931/anaconda3/envs/keras/lib/python3.6/site-packages/keras/optimizers.py:790: The name tf.train.Optimizer is deprecated. Please use tf.compat.v1.train.Optimizer instead.

WARNING:tensorflow:From /home/a931/anaconda3/envs/keras/lib/python3.6/site-packages/keras/backend/tensorflow_backend.py:3376: The name tf.log is deprecated. Please use tf.math.log instead.

WARNING:tensorflow:From /home/a931/anaconda3/envs/keras/lib/python3.6/site-packages/tensorflow_core/python/ops/nn_impl.py:183: where (from tensorflow.python.ops.array_ops) is deprecated and will be removed in a future version.
Instructions for updating:
Use tf.where in 2.0, which has the same broadcast rule as np.where
WARNING:tensorflow:From /home/a931/anaconda3/envs/keras/lib/python3.6/site-packages/keras/backend/tensorflow_backend.py:986: The name tf.assign_add is deprecated. Please use tf.compat.v1.assign_add instead.

WARNING:tensorflow:From /home/a931/anaconda3/envs/keras/lib/python3.6/site-packages/keras/backend/tensorflow_backend.py:973: The name tf.assign is deprecated. Please use tf.compat.v1.assign instead.
#####################################################################################################
maxpool
##############################################################################################################
INFO:root:-    dev F1 Score: 0.5584045584045584
INFO:root:-    Val p Score:0.6561514195583596
INFO:root:-    Val r Score:0.3902439024390244
INFO:root:-    Val F1 Score:0.4894117647058824
INFO:root:-    dev F1 Score: 0.628415300546448
INFO:root:-    Val p Score:0.6962962962962963
INFO:root:-    Val r Score:0.5290806754221389
INFO:root:-    Val F1 Score:0.6012793176972282
INFO:root:-    dev F1 Score: 0.6068601583113455
INFO:root:-    Val p Score:0.691415313225058
INFO:root:-    Val r Score:0.5590994371482176
INFO:root:-    Val F1 Score:0.6182572614107883
INFO:root:-    dev F1 Score: 0.6621004566210046
INFO:root:-    Val p Score:0.5806201550387597
INFO:root:-    Val r Score:0.702626641651032
INFO:root:-    Val F1 Score:0.6358234295415961
INFO:root:-    dev F1 Score: 0.6585365853658537
INFO:root:-    Val p Score:0.6338406445837064
INFO:root:-    Val r Score:0.6641651031894934
INFO:root:-    Val F1 Score:0.6486486486486487
INFO:root:-    dev F1 Score: 0.654639175257732
INFO:root:-    Val p Score:0.6571428571428571
INFO:root:-    Val r Score:0.5825515947467167
INFO:root:-    Val F1 Score:0.6176031824962706
INFO:root:-    dev F1 Score: 0.6472019464720195
INFO:root:-    Val p Score:0.6262719703977798
INFO:root:-    Val r Score:0.6350844277673546
INFO:root:-    Val F1 Score:0.6306474149976712
INFO:root:-    dev F1 Score: 0.6477541371158393
INFO:root:-    Val p Score:0.6148590947907772
INFO:root:-    Val r Score:0.6754221388367729
INFO:root:-    Val F1 Score:0.6437192668752795
INFO:root:-    dev F1 Score: 0.6321243523316062
INFO:root:-    Val p Score:0.6492842535787321
INFO:root:-    Val r Score:0.5956848030018762
INFO:root:-    Val F1 Score:0.6213307240704501
INFO:root:-    dev F1 Score: 0.6201923076923078
INFO:root:-    Val p Score:0.630377524143986
INFO:root:-    Val r Score:0.6735459662288931
INFO:root:-    Val F1 Score:0.6512471655328799
#####################################################################################################
averagepool
##############################################################################################################

WARNING:tensorflow:From /home/a931/anaconda3/envs/keras/lib/python3.6/site-packages/keras/backend/tensorflow_backend.py:517: The name tf.placeholder is deprecated. Please use tf.compat.v1.placeholder instead.

WARNING:tensorflow:From /home/a931/anaconda3/envs/keras/lib/python3.6/site-packages/keras/backend/tensorflow_backend.py:4138: The name tf.random_uniform is deprecated. Please use tf.random.uniform instead.

WARNING:tensorflow:From /home/a931/anaconda3/envs/keras/lib/python3.6/site-packages/keras/backend/tensorflow_backend.py:131: The name tf.get_default_graph is deprecated. Please use tf.compat.v1.get_default_graph instead.

WARNING:tensorflow:From /home/a931/anaconda3/envs/keras/lib/python3.6/site-packages/keras/backend/tensorflow_backend.py:133: The name tf.placeholder_with_default is deprecated. Please use tf.compat.v1.placeholder_with_default instead.

WARNING:tensorflow:From /home/a931/anaconda3/envs/keras/lib/python3.6/site-packages/keras/backend/tensorflow_backend.py:3445: calling dropout (from tensorflow.python.ops.nn_ops) with keep_prob is deprecated and will be removed in a future version.
Instructions for updating:
Please use `rate` instead of `keep_prob`. Rate should be set to `rate = 1 - keep_prob`.
WARNING:tensorflow:From /home/a931/anaconda3/envs/keras/lib/python3.6/site-packages/keras/backend/tensorflow_backend.py:4185: The name tf.truncated_normal is deprecated. Please use tf.random.truncated_normal instead.

WARNING:tensorflow:From /home/a931/anaconda3/envs/keras/lib/python3.6/site-packages/keras/backend/tensorflow_backend.py:174: The name tf.get_default_session is deprecated. Please use tf.compat.v1.get_default_session instead.

WARNING:tensorflow:From /home/a931/anaconda3/envs/keras/lib/python3.6/site-packages/keras/backend/tensorflow_backend.py:190: The name tf.global_variables is deprecated. Please use tf.compat.v1.global_variables instead.

WARNING:tensorflow:From /home/a931/anaconda3/envs/keras/lib/python3.6/site-packages/keras/backend/tensorflow_backend.py:199: The name tf.is_variable_initialized is deprecated. Please use tf.compat.v1.is_variable_initialized instead.

WARNING:tensorflow:From /home/a931/anaconda3/envs/keras/lib/python3.6/site-packages/keras/backend/tensorflow_backend.py:206: The name tf.variables_initializer is deprecated. Please use tf.compat.v1.variables_initializer instead.

WARNING:tensorflow:From /home/a931/anaconda3/envs/keras/lib/python3.6/site-packages/keras/optimizers.py:790: The name tf.train.Optimizer is deprecated. Please use tf.compat.v1.train.Optimizer instead.

WARNING:tensorflow:From /home/a931/anaconda3/envs/keras/lib/python3.6/site-packages/keras/backend/tensorflow_backend.py:3376: The name tf.log is deprecated. Please use tf.math.log instead.

WARNING:tensorflow:From /home/a931/anaconda3/envs/keras/lib/python3.6/site-packages/tensorflow_core/python/ops/nn_impl.py:183: where (from tensorflow.python.ops.array_ops) is deprecated and will be removed in a future version.
Instructions for updating:
Use tf.where in 2.0, which has the same broadcast rule as np.where
WARNING:tensorflow:From /home/a931/anaconda3/envs/keras/lib/python3.6/site-packages/keras/backend/tensorflow_backend.py:986: The name tf.assign_add is deprecated. Please use tf.compat.v1.assign_add instead.

WARNING:tensorflow:From /home/a931/anaconda3/envs/keras/lib/python3.6/site-packages/keras/backend/tensorflow_backend.py:973: The name tf.assign is deprecated. Please use tf.compat.v1.assign instead.

INFO:root:-    dev F1 Score: 0.2644628099173554
INFO:root:-    Val p Score:0.7777777777777778
INFO:root:-    Val r Score:0.1050656660412758
INFO:root:-    Val F1 Score:0.18512396694214878
INFO:root:-    dev F1 Score: 0.512987012987013
INFO:root:-    Val p Score:0.7094339622641509
INFO:root:-    Val r Score:0.3527204502814259
INFO:root:-    Val F1 Score:0.4711779448621553
INFO:root:-    dev F1 Score: 0.5645645645645646
INFO:root:-    Val p Score:0.7328990228013029
INFO:root:-    Val r Score:0.42213883677298314
INFO:root:-    Val F1 Score:0.5357142857142857
INFO:root:-    dev F1 Score: 0.6153846153846154
INFO:root:-    Val p Score:0.6594285714285715
INFO:root:-    Val r Score:0.5412757973733584
INFO:root:-    Val F1 Score:0.5945388974755281
INFO:root:-    dev F1 Score: 0.5705882352941176
INFO:root:-    Val p Score:0.7167721518987342
INFO:root:-    Val r Score:0.424953095684803
INFO:root:-    Val F1 Score:0.5335689045936396
INFO:root:-    dev F1 Score: 0.612565445026178
INFO:root:-    Val p Score:0.6522262334536703
INFO:root:-    Val r Score:0.5084427767354597
INFO:root:-    Val F1 Score:0.5714285714285714
INFO:root:-    dev F1 Score: 0.5569007263922519
#######################################################################################################
focal loss
###########################################################################################################################

WARNING:tensorflow:From /home/a931/anaconda3/envs/keras/lib/python3.6/site-packages/keras/backend/tensorflow_backend.py:517: The name tf.placeholder is deprecated. Please use tf.compat.v1.placeholder instead.

WARNING:tensorflow:From /home/a931/anaconda3/envs/keras/lib/python3.6/site-packages/keras/backend/tensorflow_backend.py:4138: The name tf.random_uniform is deprecated. Please use tf.random.uniform instead.

WARNING:tensorflow:From /home/a931/anaconda3/envs/keras/lib/python3.6/site-packages/keras/backend/tensorflow_backend.py:131: The name tf.get_default_graph is deprecated. Please use tf.compat.v1.get_default_graph instead.

WARNING:tensorflow:From /home/a931/anaconda3/envs/keras/lib/python3.6/site-packages/keras/backend/tensorflow_backend.py:133: The name tf.placeholder_with_default is deprecated. Please use tf.compat.v1.placeholder_with_default instead.

WARNING:tensorflow:From /home/a931/anaconda3/envs/keras/lib/python3.6/site-packages/keras/backend/tensorflow_backend.py:3445: calling dropout (from tensorflow.python.ops.nn_ops) with keep_prob is deprecated and will be removed in a future version.
Instructions for updating:
Please use `rate` instead of `keep_prob`. Rate should be set to `rate = 1 - keep_prob`.
WARNING:tensorflow:From /home/a931/anaconda3/envs/keras/lib/python3.6/site-packages/keras/backend/tensorflow_backend.py:4185: The name tf.truncated_normal is deprecated. Please use tf.random.truncated_normal instead.

WARNING:tensorflow:From /home/a931/anaconda3/envs/keras/lib/python3.6/site-packages/keras/backend/tensorflow_backend.py:174: The name tf.get_default_session is deprecated. Please use tf.compat.v1.get_default_session instead.

WARNING:tensorflow:From /home/a931/anaconda3/envs/keras/lib/python3.6/site-packages/keras/backend/tensorflow_backend.py:190: The name tf.global_variables is deprecated. Please use tf.compat.v1.global_variables instead.

WARNING:tensorflow:From /home/a931/anaconda3/envs/keras/lib/python3.6/site-packages/keras/backend/tensorflow_backend.py:199: The name tf.is_variable_initialized is deprecated. Please use tf.compat.v1.is_variable_initialized instead.

WARNING:tensorflow:From /home/a931/anaconda3/envs/keras/lib/python3.6/site-packages/keras/backend/tensorflow_backend.py:206: The name tf.variables_initializer is deprecated. Please use tf.compat.v1.variables_initializer instead.

WARNING:tensorflow:From /home/a931/anaconda3/envs/keras/lib/python3.6/site-packages/keras/optimizers.py:790: The name tf.train.Optimizer is deprecated. Please use tf.compat.v1.train.Optimizer instead.

WARNING:tensorflow:From /home/a931/anaconda3/envs/keras/lib/python3.6/site-packages/keras/backend/tensorflow_backend.py:1521: The name tf.log is deprecated. Please use tf.math.log instead.

WARNING:tensorflow:From /home/a931/anaconda3/envs/keras/lib/python3.6/site-packages/tensorflow_core/python/ops/math_grad.py:1375: where (from tensorflow.python.ops.array_ops) is deprecated and will be removed in a future version.
Instructions for updating:
Use tf.where in 2.0, which has the same broadcast rule as np.where
WARNING:tensorflow:From /home/a931/anaconda3/envs/keras/lib/python3.6/site-packages/keras/backend/tensorflow_backend.py:986: The name tf.assign_add is deprecated. Please use tf.compat.v1.assign_add instead.

WARNING:tensorflow:From /home/a931/anaconda3/envs/keras/lib/python3.6/site-packages/keras/backend/tensorflow_backend.py:973: The name tf.assign is deprecated. Please use tf.compat.v1.assign instead.

INFO:root:-    dev F1 Score: 0.2948207171314741
INFO:root:-    Val p Score:0.7621621621621621
INFO:root:-    Val r Score:0.13227016885553472
INFO:root:-    Val F1 Score:0.22541966426858512
INFO:root:-    dev F1 Score: 0.4825174825174825
INFO:root:-    Val p Score:0.8057742782152231
INFO:root:-    Val r Score:0.2879924953095685
INFO:root:-    Val F1 Score:0.424326192121631
INFO:root:-    dev F1 Score: 0.56797583081571
INFO:root:-    Val p Score:0.7445008460236887
INFO:root:-    Val r Score:0.41275797373358347
INFO:root:-    Val F1 Score:0.5310802655401328
INFO:root:-    dev F1 Score: 0.6082191780821917
INFO:root:-    Val p Score:0.6977660972404731
INFO:root:-    Val r Score:0.4981238273921201
INFO:root:-    Val F1 Score:0.58128078817734
INFO:root:-    dev F1 Score: 0.5730337078651686
INFO:root:-    Val p Score:0.6901408450704225
INFO:root:-    Val r Score:0.5056285178236398
INFO:root:-    Val F1 Score:0.5836491608012995
INFO:root:-    dev F1 Score: 0.5806451612903226
INFO:root:-    Val p Score:0.694344163658243
INFO:root:-    Val r Score:0.5412757973733584
INFO:root:-    Val F1 Score:0.6083289404322615
INFO:root:-    dev F1 Score: 0.5643835616438355
INFO:root:-    Val p Score:0.6944114149821641
INFO:root:-    Val r Score:0.5478424015009381
INFO:root:-    Val F1 Score:0.6124803356056633
INFO:root:-    dev F1 Score: 0.5820105820105821
INFO:root:-    Val p Score:0.6767676767676768
INFO:root:-    Val r Score:0.5656660412757973
INFO:root:-    Val F1 Score:0.6162493612672458
INFO:root:-    dev F1 Score: 0.5763546798029556
INFO:root:-    Val p Score:0.6388888888888888
INFO:root:-    Val r Score:0.625703564727955
INFO:root:-    Val F1 Score:0.6322274881516587
INFO:root:-    dev F1 Score: 0.6095238095238096
INFO:root:-    Val p Score:0.6426566884939195
INFO:root:-    Val r Score:0.6444652908067542
INFO:root:-    Val F1 Score:0.643559718969555
INFO:root:-    dev F1 Score: 0.5788113695090439
INFO:root:-    Val p Score:0.6658986175115207
INFO:root:-    Val r Score:0.5422138836772983
INFO:root:-    Val F1 Score:0.5977249224405378
INFO:root:-    dev F1 Score: 0.5947368421052632
INFO:root:-    Val p Score:0.671067106710671
INFO:root:-    Val r Score:0.5722326454033771
INFO:root:-    Val F1 Score:0.6177215189873417
INFO:root:-    dev F1 Score: 0.5976470588235294
INFO:root:-    Val p Score:0.6293508936970837
INFO:root:-    Val r Score:0.6275797373358349
INFO:root:-    Val F1 Score:0.6284640676373885
INFO:root:-    dev F1 Score: 0.5844504021447721
INFO:root:-    Val p Score:0.6892857142857143
INFO:root:-    Val r Score:0.5431519699812383
INFO:root:-    Val F1 Score:0.6075550891920253
INFO:root:-    dev F1 Score: 0.5863874345549738
INFO:root:-    Val p Score:0.6699779249448123
INFO:root:-    Val r Score:0.5694183864915572
INFO:root:-    Val F1 Score:0.6156186612576064
INFO:root:-    dev F1 Score: 0.5891089108910891
INFO:root:-    Val p Score:0.6470588235294118
INFO:root:-    Val r Score:0.6088180112570356
INFO:root:-    Val F1 Score:0.6273562107298212
INFO:root:-    dev F1 Score: 0.5905707196029777
INFO:root:-    Val p Score:0.6579212916246215
INFO:root:-    Val r Score:0.6116322701688556
INFO:root:-    Val F1 Score:0.6339329120077782
INFO:root:-    dev F1 Score: 0.6005089058524172
INFO:root:-    Val p Score:0.6627155172413793
INFO:root:-    Val r Score:0.5769230769230769
INFO:root:-    Val F1 Score:0.6168505516549649
INFO:root:-    dev F1 Score: 0.5935162094763092
INFO:root:-    Val p Score:0.6418848167539267
INFO:root:-    Val r Score:0.575046904315197
INFO:root:-    Val F1 Score:0.6066303809995052
INFO:root:-    dev F1 Score: 0.594847775175644
INFO:root:-    Val p Score:0.6258064516129033
INFO:root:-    Val r Score:0.6369606003752345
INFO:root:-    Val F1 Score:0.6313342631334263
WARNING:tensorflow:From /home/a931/anaconda3/envs/keras/lib/python3.6/site-packages/keras/backend/tensorflow_backend.py:517: The name tf.placeholder is deprecated. Please use tf.compat.v1.placeholder instead.

WARNING:tensorflow:From /home/a931/anaconda3/envs/keras/lib/python3.6/site-packages/keras/backend/tensorflow_backend.py:4138: The name tf.random_uniform is deprecated. Please use tf.random.uniform instead.

WARNING:tensorflow:From /home/a931/anaconda3/envs/keras/lib/python3.6/site-packages/keras/backend/tensorflow_backend.py:131: The name tf.get_default_graph is deprecated. Please use tf.compat.v1.get_default_graph instead.

WARNING:tensorflow:From /home/a931/anaconda3/envs/keras/lib/python3.6/site-packages/keras/backend/tensorflow_backend.py:133: The name tf.placeholder_with_default is deprecated. Please use tf.compat.v1.placeholder_with_default instead.

WARNING:tensorflow:From /home/a931/anaconda3/envs/keras/lib/python3.6/site-packages/keras/backend/tensorflow_backend.py:3445: calling dropout (from tensorflow.python.ops.nn_ops) with keep_prob is deprecated and will be removed in a future version.
Instructions for updating:
Please use `rate` instead of `keep_prob`. Rate should be set to `rate = 1 - keep_prob`.
WARNING:tensorflow:From /home/a931/anaconda3/envs/keras/lib/python3.6/site-packages/keras/backend/tensorflow_backend.py:4185: The name tf.truncated_normal is deprecated. Please use tf.random.truncated_normal instead.

WARNING:tensorflow:From /home/a931/anaconda3/envs/keras/lib/python3.6/site-packages/keras/backend/tensorflow_backend.py:517: The name tf.placeholder is deprecated. Please use tf.compat.v1.placeholder instead.

WARNING:tensorflow:From /home/a931/anaconda3/envs/keras/lib/python3.6/site-packages/keras/backend/tensorflow_backend.py:4138: The name tf.random_uniform is deprecated. Please use tf.random.uniform instead.

WARNING:tensorflow:From /home/a931/anaconda3/envs/keras/lib/python3.6/site-packages/keras/backend/tensorflow_backend.py:131: The name tf.get_default_graph is deprecated. Please use tf.compat.v1.get_default_graph instead.

WARNING:tensorflow:From /home/a931/anaconda3/envs/keras/lib/python3.6/site-packages/keras/backend/tensorflow_backend.py:133: The name tf.placeholder_with_default is deprecated. Please use tf.compat.v1.placeholder_with_default instead.

WARNING:tensorflow:From /home/a931/anaconda3/envs/keras/lib/python3.6/site-packages/keras/backend/tensorflow_backend.py:3445: calling dropout (from tensorflow.python.ops.nn_ops) with keep_prob is deprecated and will be removed in a future version.
Instructions for updating:
Please use `rate` instead of `keep_prob`. Rate should be set to `rate = 1 - keep_prob`.
WARNING:tensorflow:From /home/a931/anaconda3/envs/keras/lib/python3.6/site-packages/keras/backend/tensorflow_backend.py:4185: The name tf.truncated_normal is deprecated. Please use tf.random.truncated_normal instead.

WARNING:tensorflow:From /home/a931/anaconda3/envs/keras/lib/python3.6/site-packages/keras/backend/tensorflow_backend.py:174: The name tf.get_default_session is deprecated. Please use tf.compat.v1.get_default_session instead.

WARNING:tensorflow:From /home/a931/anaconda3/envs/keras/lib/python3.6/site-packages/keras/backend/tensorflow_backend.py:190: The name tf.global_variables is deprecated. Please use tf.compat.v1.global_variables instead.

WARNING:tensorflow:From /home/a931/anaconda3/envs/keras/lib/python3.6/site-packages/keras/backend/tensorflow_backend.py:199: The name tf.is_variable_initialized is deprecated. Please use tf.compat.v1.is_variable_initialized instead.

WARNING:tensorflow:From /home/a931/anaconda3/envs/keras/lib/python3.6/site-packages/keras/backend/tensorflow_backend.py:206: The name tf.variables_initializer is deprecated. Please use tf.compat.v1.variables_initializer instead.

WARNING:tensorflow:From /home/a931/anaconda3/envs/keras/lib/python3.6/site-packages/keras/optimizers.py:790: The name tf.train.Optimizer is deprecated. Please use tf.compat.v1.train.Optimizer instead.

WARNING:tensorflow:From /home/a931/anaconda3/envs/keras/lib/python3.6/site-packages/keras/backend/tensorflow_backend.py:1521: The name tf.log is deprecated. Please use tf.math.log instead.

WARNING:tensorflow:From /home/a931/anaconda3/envs/keras/lib/python3.6/site-packages/tensorflow_core/python/ops/math_grad.py:1375: where (from tensorflow.python.ops.array_ops) is deprecated and will be removed in a future version.
Instructions for updating:
Use tf.where in 2.0, which has the same broadcast rule as np.where
WARNING:tensorflow:From /home/a931/anaconda3/envs/keras/lib/python3.6/site-packages/keras/backend/tensorflow_backend.py:986: The name tf.assign_add is deprecated. Please use tf.compat.v1.assign_add instead.

WARNING:tensorflow:From /home/a931/anaconda3/envs/keras/lib/python3.6/site-packages/keras/backend/tensorflow_backend.py:973: The name tf.assign is deprecated. Please use tf.compat.v1.assign instead.

WARNING:tensorflow:From /home/a931/anaconda3/envs/keras/lib/python3.6/site-packages/keras/backend/tensorflow_backend.py:517: The name tf.placeholder is deprecated. Please use tf.compat.v1.placeholder instead.

WARNING:tensorflow:From /home/a931/anaconda3/envs/keras/lib/python3.6/site-packages/keras/backend/tensorflow_backend.py:4138: The name tf.random_uniform is deprecated. Please use tf.random.uniform instead.

WARNING:tensorflow:From /home/a931/anaconda3/envs/keras/lib/python3.6/site-packages/keras/backend/tensorflow_backend.py:131: The name tf.get_default_graph is deprecated. Please use tf.compat.v1.get_default_graph instead.

WARNING:tensorflow:From /home/a931/anaconda3/envs/keras/lib/python3.6/site-packages/keras/backend/tensorflow_backend.py:133: The name tf.placeholder_with_default is deprecated. Please use tf.compat.v1.placeholder_with_default instead.

WARNING:tensorflow:From /home/a931/anaconda3/envs/keras/lib/python3.6/site-packages/keras/backend/tensorflow_backend.py:3445: calling dropout (from tensorflow.python.ops.nn_ops) with keep_prob is deprecated and will be removed in a future version.
Instructions for updating:
Please use `rate` instead of `keep_prob`. Rate should be set to `rate = 1 - keep_prob`.
WARNING:tensorflow:From /home/a931/anaconda3/envs/keras/lib/python3.6/site-packages/keras/backend/tensorflow_backend.py:4185: The name tf.truncated_normal is deprecated. Please use tf.random.truncated_normal instead.

WARNING:tensorflow:From /home/a931/anaconda3/envs/keras/lib/python3.6/site-packages/keras/backend/tensorflow_backend.py:174: The name tf.get_default_session is deprecated. Please use tf.compat.v1.get_default_session instead.

WARNING:tensorflow:From /home/a931/anaconda3/envs/keras/lib/python3.6/site-packages/keras/backend/tensorflow_backend.py:190: The name tf.global_variables is deprecated. Please use tf.compat.v1.global_variables instead.

WARNING:tensorflow:From /home/a931/anaconda3/envs/keras/lib/python3.6/site-packages/keras/backend/tensorflow_backend.py:199: The name tf.is_variable_initialized is deprecated. Please use tf.compat.v1.is_variable_initialized instead.

WARNING:tensorflow:From /home/a931/anaconda3/envs/keras/lib/python3.6/site-packages/keras/backend/tensorflow_backend.py:206: The name tf.variables_initializer is deprecated. Please use tf.compat.v1.variables_initializer instead.

WARNING:tensorflow:From /home/a931/anaconda3/envs/keras/lib/python3.6/site-packages/keras/optimizers.py:790: The name tf.train.Optimizer is deprecated. Please use tf.compat.v1.train.Optimizer instead.

WARNING:tensorflow:From /home/a931/anaconda3/envs/keras/lib/python3.6/site-packages/keras/backend/tensorflow_backend.py:1521: The name tf.log is deprecated. Please use tf.math.log instead.

WARNING:tensorflow:From /home/a931/anaconda3/envs/keras/lib/python3.6/site-packages/tensorflow_core/python/ops/math_grad.py:1375: where (from tensorflow.python.ops.array_ops) is deprecated and will be removed in a future version.
Instructions for updating:
Use tf.where in 2.0, which has the same broadcast rule as np.where
WARNING:tensorflow:From /home/a931/anaconda3/envs/keras/lib/python3.6/site-packages/keras/backend/tensorflow_backend.py:986: The name tf.assign_add is deprecated. Please use tf.compat.v1.assign_add instead.

WARNING:tensorflow:From /home/a931/anaconda3/envs/keras/lib/python3.6/site-packages/keras/backend/tensorflow_backend.py:973: The name tf.assign is deprecated. Please use tf.compat.v1.assign instead.

WARNING:tensorflow:From /home/a931/anaconda3/envs/keras/lib/python3.6/site-packages/keras/backend/tensorflow_backend.py:517: The name tf.placeholder is deprecated. Please use tf.compat.v1.placeholder instead.

WARNING:tensorflow:From /home/a931/anaconda3/envs/keras/lib/python3.6/site-packages/keras/backend/tensorflow_backend.py:4138: The name tf.random_uniform is deprecated. Please use tf.random.uniform instead.

WARNING:tensorflow:From /home/a931/anaconda3/envs/keras/lib/python3.6/site-packages/keras/backend/tensorflow_backend.py:131: The name tf.get_default_graph is deprecated. Please use tf.compat.v1.get_default_graph instead.

WARNING:tensorflow:From /home/a931/anaconda3/envs/keras/lib/python3.6/site-packages/keras/backend/tensorflow_backend.py:133: The name tf.placeholder_with_default is deprecated. Please use tf.compat.v1.placeholder_with_default instead.

WARNING:tensorflow:From /home/a931/anaconda3/envs/keras/lib/python3.6/site-packages/keras/backend/tensorflow_backend.py:3445: calling dropout (from tensorflow.python.ops.nn_ops) with keep_prob is deprecated and will be removed in a future version.
Instructions for updating:
Please use `rate` instead of `keep_prob`. Rate should be set to `rate = 1 - keep_prob`.
WARNING:tensorflow:From /home/a931/anaconda3/envs/keras/lib/python3.6/site-packages/keras/backend/tensorflow_backend.py:4185: The name tf.truncated_normal is deprecated. Please use tf.random.truncated_normal instead.

WARNING:tensorflow:From /home/a931/anaconda3/envs/keras/lib/python3.6/site-packages/keras/backend/tensorflow_backend.py:174: The name tf.get_default_session is deprecated. Please use tf.compat.v1.get_default_session instead.

WARNING:tensorflow:From /home/a931/anaconda3/envs/keras/lib/python3.6/site-packages/keras/backend/tensorflow_backend.py:190: The name tf.global_variables is deprecated. Please use tf.compat.v1.global_variables instead.

WARNING:tensorflow:From /home/a931/anaconda3/envs/keras/lib/python3.6/site-packages/keras/backend/tensorflow_backend.py:199: The name tf.is_variable_initialized is deprecated. Please use tf.compat.v1.is_variable_initialized instead.

WARNING:tensorflow:From /home/a931/anaconda3/envs/keras/lib/python3.6/site-packages/keras/backend/tensorflow_backend.py:206: The name tf.variables_initializer is deprecated. Please use tf.compat.v1.variables_initializer instead.

WARNING:tensorflow:From /home/a931/anaconda3/envs/keras/lib/python3.6/site-packages/keras/optimizers.py:790: The name tf.train.Optimizer is deprecated. Please use tf.compat.v1.train.Optimizer instead.

WARNING:tensorflow:From /home/a931/anaconda3/envs/keras/lib/python3.6/site-packages/keras/backend/tensorflow_backend.py:1521: The name tf.log is deprecated. Please use tf.math.log instead.

WARNING:tensorflow:From /home/a931/anaconda3/envs/keras/lib/python3.6/site-packages/tensorflow_core/python/ops/math_grad.py:1375: where (from tensorflow.python.ops.array_ops) is deprecated and will be removed in a future version.
Instructions for updating:
Use tf.where in 2.0, which has the same broadcast rule as np.where
WARNING:tensorflow:From /home/a931/anaconda3/envs/keras/lib/python3.6/site-packages/keras/backend/tensorflow_backend.py:986: The name tf.assign_add is deprecated. Please use tf.compat.v1.assign_add instead.

WARNING:tensorflow:From /home/a931/anaconda3/envs/keras/lib/python3.6/site-packages/keras/backend/tensorflow_backend.py:973: The name tf.assign is deprecated. Please use tf.compat.v1.assign instead.

INFO:root:-    dev F1 Score: 0.47321428571428575
INFO:root:-    Val p Score:0.44961977186311786
INFO:root:-    Val r Score:0.4437148217636023
INFO:root:-    Val F1 Score:0.4466477809254013
INFO:root:-    dev F1 Score: 0.5854616895874264
INFO:root:-    Val p Score:0.5212981744421906
INFO:root:-    Val r Score:0.723264540337711
INFO:root:-    Val F1 Score:0.6058939096267191
INFO:root:-    dev F1 Score: 0.6099290780141844
INFO:root:-    Val p Score:0.4965947786606129
INFO:root:-    Val r Score:0.8208255159474672
INFO:root:-    Val F1 Score:0.6188118811881188
INFO:root:-    dev F1 Score: 0.6428571428571428
INFO:root:-    Val p Score:0.5872405841660261
INFO:root:-    Val r Score:0.7166979362101313
INFO:root:-    Val F1 Score:0.6455428812843261
INFO:root:-    dev F1 Score: 0.6363636363636364
INFO:root:-    Val p Score:0.5698610095098756
INFO:root:-    Val r Score:0.7307692307692307
INFO:root:-    Val F1 Score:0.6403616933826551
INFO:root:-    dev F1 Score: 0.6555023923444976
INFO:root:-    Val p Score:0.621342512908778
INFO:root:-    Val r Score:0.6772983114446529
INFO:root:-    Val F1 Score:0.6481149012567324
WARNING:tensorflow:From /home/a931/anaconda3/envs/keras/lib/python3.6/site-packages/keras/backend/tensorflow_backend.py:517: The name tf.placeholder is deprecated. Please use tf.compat.v1.placeholder instead.

WARNING:tensorflow:From /home/a931/anaconda3/envs/keras/lib/python3.6/site-packages/keras/backend/tensorflow_backend.py:4138: The name tf.random_uniform is deprecated. Please use tf.random.uniform instead.

WARNING:tensorflow:From /home/a931/anaconda3/envs/keras/lib/python3.6/site-packages/keras/backend/tensorflow_backend.py:131: The name tf.get_default_graph is deprecated. Please use tf.compat.v1.get_default_graph instead.

WARNING:tensorflow:From /home/a931/anaconda3/envs/keras/lib/python3.6/site-packages/keras/backend/tensorflow_backend.py:133: The name tf.placeholder_with_default is deprecated. Please use tf.compat.v1.placeholder_with_default instead.

WARNING:tensorflow:From /home/a931/anaconda3/envs/keras/lib/python3.6/site-packages/keras/backend/tensorflow_backend.py:3445: calling dropout (from tensorflow.python.ops.nn_ops) with keep_prob is deprecated and will be removed in a future version.
Instructions for updating:
Please use `rate` instead of `keep_prob`. Rate should be set to `rate = 1 - keep_prob`.
WARNING:tensorflow:From /home/a931/anaconda3/envs/keras/lib/python3.6/site-packages/keras/backend/tensorflow_backend.py:4185: The name tf.truncated_normal is deprecated. Please use tf.random.truncated_normal instead.

WARNING:tensorflow:From /home/a931/anaconda3/envs/keras/lib/python3.6/site-packages/keras/backend/tensorflow_backend.py:174: The name tf.get_default_session is deprecated. Please use tf.compat.v1.get_default_session instead.

WARNING:tensorflow:From /home/a931/anaconda3/envs/keras/lib/python3.6/site-packages/keras/backend/tensorflow_backend.py:190: The name tf.global_variables is deprecated. Please use tf.compat.v1.global_variables instead.

WARNING:tensorflow:From /home/a931/anaconda3/envs/keras/lib/python3.6/site-packages/keras/backend/tensorflow_backend.py:199: The name tf.is_variable_initialized is deprecated. Please use tf.compat.v1.is_variable_initialized instead.

WARNING:tensorflow:From /home/a931/anaconda3/envs/keras/lib/python3.6/site-packages/keras/backend/tensorflow_backend.py:206: The name tf.variables_initializer is deprecated. Please use tf.compat.v1.variables_initializer instead.

WARNING:tensorflow:From /home/a931/anaconda3/envs/keras/lib/python3.6/site-packages/keras/optimizers.py:790: The name tf.train.Optimizer is deprecated. Please use tf.compat.v1.train.Optimizer instead.

WARNING:tensorflow:From /home/a931/anaconda3/envs/keras/lib/python3.6/site-packages/keras/backend/tensorflow_backend.py:1521: The name tf.log is deprecated. Please use tf.math.log instead.

WARNING:tensorflow:From /home/a931/anaconda3/envs/keras/lib/python3.6/site-packages/tensorflow_core/python/ops/math_grad.py:1375: where (from tensorflow.python.ops.array_ops) is deprecated and will be removed in a future version.
Instructions for updating:
Use tf.where in 2.0, which has the same broadcast rule as np.where
WARNING:tensorflow:From /home/a931/anaconda3/envs/keras/lib/python3.6/site-packages/keras/backend/tensorflow_backend.py:986: The name tf.assign_add is deprecated. Please use tf.compat.v1.assign_add instead.

WARNING:tensorflow:From /home/a931/anaconda3/envs/keras/lib/python3.6/site-packages/keras/backend/tensorflow_backend.py:973: The name tf.assign is deprecated. Please use tf.compat.v1.assign instead.

focal loss 0.82

INFO:root:-    dev F1 Score: 0.46690734055355
INFO:root:-    Val p Score:0.31984460990611846
INFO:root:-    Val r Score:0.926829268292683
INFO:root:-    Val F1 Score:0.4755716004813478
INFO:root:-    dev F1 Score: 0.6088794926004228
INFO:root:-    Val p Score:0.601556420233463
INFO:root:-    Val r Score:0.725140712945591
INFO:root:-    Val F1 Score:0.6575925138239047
INFO:root:-    dev F1 Score: 0.6117136659436008
INFO:root:-    Val p Score:0.6006144393241167
INFO:root:-    Val r Score:0.7335834896810507
INFO:root:-    Val F1 Score:0.6604729729729729
INFO:root:-    dev F1 Score: 0.6234413965087282
INFO:root:-    Val p Score:0.6800847457627118
INFO:root:-    Val r Score:0.6022514071294559.
.INFO:root:-    Val F1 Score:0.6388059701492537
INFO:root:-    dev F1 Score: 0.6401869158878506
INFO:root:-    Val p Score:0.6492673992673993
INFO:root:-    Val r Score:0.6651031894934334
INFO:root:-    Val F1 Score:0.6570898980537534
INFO:root:-    dev F1 Score: 0.6618705035971223
INFO:root:-    Val p Score:0.6464188576609248
INFO:root:-    Val r Score:0.6688555347091932
INFO:root:-    Val F1 Score:0.6574458275703089
INFO:root:-    dev F1 Score: 0.6231155778894473
INFO:root:-    Val p Score:0.6416349809885932
INFO:root:-    Val r Score:0.6332082551594747
INFO:root:-    Val F1 Score:0.6373937677053824
INFO:root:-    dev F1 Score: 0.6258205689277899
INFO:root:-    Val p Score:0.5960214231063504
INFO:root:-    Val r Score:0.7307692307692307
INFO:root:-    Val F1 Score:0.6565528866413822
INFO:root:-    dev F1 Score: 0.6195899772209568
INFO:root:-    Val p Score:0.6020651310563939
INFO:root:-    Val r Score:0.7110694183864915
INFO:root:-    Val F1 Score:0.6520430107526881
INFO:root:-    dev F1 Score: 0.5978494623655914
INFO:root:-    Val p Score:0.5599128540305011
INFO:root:-    Val r Score:0.723264540337711
INFO:root:-    Val F1 Score:0.6311911584117887
WARNING:tensorflow:From /home/a931/anaconda3/envs/keras/lib/python3.6/site-packages/keras/backend/tensorflow_backend.py:517: The name tf.placeholder is deprecated. Please use tf.compat.v1.placeholder instead.

WARNING:tensorflow:From /home/a931/anaconda3/envs/keras/lib/python3.6/site-packages/keras/backend/tensorflow_backend.py:4138: The name tf.random_uniform is deprecated. Please use tf.random.uniform instead.

WARNING:tensorflow:From /home/a931/anaconda3/envs/keras/lib/python3.6/site-packages/keras/backend/tensorflow_backend.py:131: The name tf.get_default_graph is deprecated. Please use tf.compat.v1.get_default_graph instead.

WARNING:tensorflow:From /home/a931/anaconda3/envs/keras/lib/python3.6/site-packages/keras/backend/tensorflow_backend.py:133: The name tf.placeholder_with_default is deprecated. Please use tf.compat.v1.placeholder_with_default instead.

WARNING:tensorflow:From /home/a931/anaconda3/envs/keras/lib/python3.6/site-packages/keras/backend/tensorflow_backend.py:3445: calling dropout (from tensorflow.python.ops.nn_ops) with keep_prob is deprecated and will be removed in a future version.
Instructions for updating:
Please use `rate` instead of `keep_prob`. Rate should be set to `rate = 1 - keep_prob`.
WARNING:tensorflow:From /home/a931/anaconda3/envs/keras/lib/python3.6/site-packages/keras/backend/tensorflow_backend.py:4185: The name tf.truncated_normal is deprecated. Please use tf.random.truncated_normal instead.

WARNING:tensorflow:From /home/a931/anaconda3/envs/keras/lib/python3.6/site-packages/keras/backend/tensorflow_backend.py:174: The name tf.get_default_session is deprecated. Please use tf.compat.v1.get_default_session instead.

WARNING:tensorflow:From /home/a931/anaconda3/envs/keras/lib/python3.6/site-packages/keras/backend/tensorflow_backend.py:190: The name tf.global_variables is deprecated. Please use tf.compat.v1.global_variables instead.

WARNING:tensorflow:From /home/a931/anaconda3/envs/keras/lib/python3.6/site-packages/keras/backend/tensorflow_backend.py:199: The name tf.is_variable_initialized is deprecated. Please use tf.compat.v1.is_variable_initialized instead.

WARNING:tensorflow:From /home/a931/anaconda3/envs/keras/lib/python3.6/site-packages/keras/backend/tensorflow_backend.py:206: The name tf.variables_initializer is deprecated. Please use tf.compat.v1.variables_initializer instead.

WARNING:tensorflow:From /home/a931/anaconda3/envs/keras/lib/python3.6/site-packages/keras/optimizers.py:790: The name tf.train.Optimizer is deprecated. Please use tf.compat.v1.train.Optimizer instead.

WARNING:tensorflow:From /home/a931/anaconda3/envs/keras/lib/python3.6/site-packages/keras/backend/tensorflow_backend.py:1521: The name tf.log is deprecated. Please use tf.math.log instead.

WARNING:tensorflow:From /home/a931/anaconda3/envs/keras/lib/python3.6/site-packages/tensorflow_core/python/ops/math_grad.py:1375: where (from tensorflow.python.ops.array_ops) is deprecated and will be removed in a future version.
Instructions for updating:
Use tf.where in 2.0, which has the same broadcast rule as np.where
WARNING:tensorflow:From /home/a931/anaconda3/envs/keras/lib/python3.6/site-packages/keras/backend/tensorflow_backend.py:986: The name tf.assign_add is deprecated. Please use tf.compat.v1.assign_add instead.

WARNING:tensorflow:From /home/a931/anaconda3/envs/keras/lib/python3.6/site-packages/keras/backend/tensorflow_backend.py:973: The name tf.assign is deprecated. Please use tf.compat.v1.assign instead.

WARNING:tensorflow:From /home/a931/anaconda3/envs/keras/lib/python3.6/site-packages/keras/backend/tensorflow_backend.py:517: The name tf.placeholder is deprecated. Please use tf.compat.v1.placeholder instead.

WARNING:tensorflow:From /home/a931/anaconda3/envs/keras/lib/python3.6/site-packages/keras/backend/tensorflow_backend.py:4138: The name tf.random_uniform is deprecated. Please use tf.random.uniform instead.

WARNING:tensorflow:From /home/a931/anaconda3/envs/keras/lib/python3.6/site-packages/keras/backend/tensorflow_backend.py:131: The name tf.get_default_graph is deprecated. Please use tf.compat.v1.get_default_graph instead.

WARNING:tensorflow:From /home/a931/anaconda3/envs/keras/lib/python3.6/site-packages/keras/backend/tensorflow_backend.py:133: The name tf.placeholder_with_default is deprecated. Please use tf.compat.v1.placeholder_with_default instead.

WARNING:tensorflow:From /home/a931/anaconda3/envs/keras/lib/python3.6/site-packages/keras/backend/tensorflow_backend.py:3445: calling dropout (from tensorflow.python.ops.nn_ops) with keep_prob is deprecated and will be removed in a future version.
Instructions for updating:
Please use `rate` instead of `keep_prob`. Rate should be set to `rate = 1 - keep_prob`.
WARNING:tensorflow:From /home/a931/anaconda3/envs/keras/lib/python3.6/site-packages/keras/backend/tensorflow_backend.py:4185: The name tf.truncated_normal is deprecated. Please use tf.random.truncated_normal instead.

WARNING:tensorflow:From /home/a931/anaconda3/envs/keras/lib/python3.6/site-packages/keras/backend/tensorflow_backend.py:174: The name tf.get_default_session is deprecated. Please use tf.compat.v1.get_default_session instead.

WARNING:tensorflow:From /home/a931/anaconda3/envs/keras/lib/python3.6/site-packages/keras/backend/tensorflow_backend.py:190: The name tf.global_variables is deprecated. Please use tf.compat.v1.global_variables instead.

WARNING:tensorflow:From /home/a931/anaconda3/envs/keras/lib/python3.6/site-packages/keras/backend/tensorflow_backend.py:199: The name tf.is_variable_initialized is deprecated. Please use tf.compat.v1.is_variable_initialized instead.

WARNING:tensorflow:From /home/a931/anaconda3/envs/keras/lib/python3.6/site-packages/keras/backend/tensorflow_backend.py:206: The name tf.variables_initializer is deprecated. Please use tf.compat.v1.variables_initializer instead.

WARNING:tensorflow:From /home/a931/anaconda3/envs/keras/lib/python3.6/site-packages/keras/optimizers.py:790: The name tf.train.Optimizer is deprecated. Please use tf.compat.v1.train.Optimizer instead.

WARNING:tensorflow:From /home/a931/anaconda3/envs/keras/lib/python3.6/site-packages/keras/backend/tensorflow_backend.py:1521: The name tf.log is deprecated. Please use tf.math.log instead.

WARNING:tensorflow:From /home/a931/anaconda3/envs/keras/lib/python3.6/site-packages/tensorflow_core/python/ops/math_grad.py:1375: where (from tensorflow.python.ops.array_ops) is deprecated and will be removed in a future version.
Instructions for updating:
Use tf.where in 2.0, which has the same broadcast rule as np.where
WARNING:tensorflow:From /home/a931/anaconda3/envs/keras/lib/python3.6/site-packages/keras/backend/tensorflow_backend.py:986: The name tf.assign_add is deprecated. Please use tf.compat.v1.assign_add instead.

WARNING:tensorflow:From /home/a931/anaconda3/envs/keras/lib/python3.6/site-packages/keras/backend/tensorflow_backend.py:973: The name tf.assign is deprecated. Please use tf.compat.v1.assign instead.

WARNING:tensorflow:From /home/a931/anaconda3/envs/keras/lib/python3.6/site-packages/keras/backend/tensorflow_backend.py:517: The name tf.placeholder is deprecated. Please use tf.compat.v1.placeholder instead.

WARNING:tensorflow:From /home/a931/anaconda3/envs/keras/lib/python3.6/site-packages/keras/backend/tensorflow_backend.py:4138: The name tf.random_uniform is deprecated. Please use tf.random.uniform instead.

WARNING:tensorflow:From /home/a931/anaconda3/envs/keras/lib/python3.6/site-packages/keras/backend/tensorflow_backend.py:131: The name tf.get_default_graph is deprecated. Please use tf.compat.v1.get_default_graph instead.

WARNING:tensorflow:From /home/a931/anaconda3/envs/keras/lib/python3.6/site-packages/keras/backend/tensorflow_backend.py:133: The name tf.placeholder_with_default is deprecated. Please use tf.compat.v1.placeholder_with_default instead.

WARNING:tensorflow:From /home/a931/anaconda3/envs/keras/lib/python3.6/site-packages/keras/backend/tensorflow_backend.py:3445: calling dropout (from tensorflow.python.ops.nn_ops) with keep_prob is deprecated and will be removed in a future version.
Instructions for updating:
Please use `rate` instead of `keep_prob`. Rate should be set to `rate = 1 - keep_prob`.
WARNING:tensorflow:From /home/a931/anaconda3/envs/keras/lib/python3.6/site-packages/keras/backend/tensorflow_backend.py:4185: The name tf.truncated_normal is deprecated. Please use tf.random.truncated_normal instead.

WARNING:tensorflow:From /home/a931/anaconda3/envs/keras/lib/python3.6/site-packages/keras/backend/tensorflow_backend.py:174: The name tf.get_default_session is deprecated. Please use tf.compat.v1.get_default_session instead.

WARNING:tensorflow:From /home/a931/anaconda3/envs/keras/lib/python3.6/site-packages/keras/backend/tensorflow_backend.py:190: The name tf.global_variables is deprecated. Please use tf.compat.v1.global_variables instead.

WARNING:tensorflow:From /home/a931/anaconda3/envs/keras/lib/python3.6/site-packages/keras/backend/tensorflow_backend.py:199: The name tf.is_variable_initialized is deprecated. Please use tf.compat.v1.is_variable_initialized instead.

WARNING:tensorflow:From /home/a931/anaconda3/envs/keras/lib/python3.6/site-packages/keras/backend/tensorflow_backend.py:206: The name tf.variables_initializer is deprecated. Please use tf.compat.v1.variables_initializer instead.

WARNING:tensorflow:From /home/a931/anaconda3/envs/keras/lib/python3.6/site-packages/keras/optimizers.py:790: The name tf.train.Optimizer is deprecated. Please use tf.compat.v1.train.Optimizer instead.

WARNING:tensorflow:From /home/a931/anaconda3/envs/keras/lib/python3.6/site-packages/keras/backend/tensorflow_backend.py:1521: The name tf.log is deprecated. Please use tf.math.log instead.

WARNING:tensorflow:From /home/a931/anaconda3/envs/keras/lib/python3.6/site-packages/tensorflow_core/python/ops/math_grad.py:1375: where (from tensorflow.python.ops.array_ops) is deprecated and will be removed in a future version.
Instructions for updating:
Use tf.where in 2.0, which has the same broadcast rule as np.where
WARNING:tensorflow:From /home/a931/anaconda3/envs/keras/lib/python3.6/site-packages/keras/backend/tensorflow_backend.py:986: The name tf.assign_add is deprecated. Please use tf.compat.v1.assign_add instead.

WARNING:tensorflow:From /home/a931/anaconda3/envs/keras/lib/python3.6/site-packages/keras/backend/tensorflow_backend.py:973: The name tf.assign is deprecated. Please use tf.compat.v1.assign instead.

INFO:root:-    dev F1 Score: 0.4042780748663101
INFO:root:-    Val p Score:0.2657245774452757
INFO:root:-    Val r Score:0.899624765478424
INFO:root:-    Val F1 Score:0.41026737967914445
INFO:root:-    dev F1 Score: 0.3821138211382114
INFO:root:-    Val p Score:0.253002811142346
INFO:root:-    Val r Score:0.9287054409005628
INFO:root:-    Val F1 Score:0.3976702149025909
INFO:root:-    dev F1 Score: 0.40521327014218006
INFO:root:-    Val p Score:0.2839544194641207
INFO:root:-    Val r Score:0.8649155722326454
INFO:root:-    Val F1 Score:0.4275446325063761
INFO:root:-    dev F1 Score: 0.40188014101057573
INFO:root:-    Val p Score:0.278462000600781
INFO:root:-    Val r Score:0.8696060037523452
INFO:root:-    Val F1 Score:0.4218430034129693
INFO:root:-    dev F1 Score: 0.41532756489493206
INFO:root:-    Val p Score:0.2880206651598321
INFO:root:-    Val r Score:0.8367729831144465
INFO:root:-    Val F1 Score:0.42853711265914
INFO:root:-    dev F1 Score: 0.40617577197149635
INFO:root:-    Val p Score:0.28443483631871525
INFO:root:-    Val r Score:0.8639774859287055
INFO:root:-    Val F1 Score:0.4279739776951673
INFO:root:-    dev F1 Score: 0.4315789473684211
INFO:root:-    Val p Score:0.30096011816838997
INFO:root:-    Val r Score:0.7645403377110694
INFO:root:-    Val F1 Score:0.43190249072602016
INFO:root:-    dev F1 Score: 0.42409033877038893
INFO:root:-    Val p Score:0.2947443181818182
INFO:root:-    Val r Score:0.7786116322701688
INFO:root:-    Val F1 Score:0.4276146316331788
INFO:root:-    dev F1 Score: 0.4191919191919191
INFO:root:-    Val p Score:0.2952516958229204
INFO:root:-    Val r Score:0.775797373358349
INFO:root:-    Val F1 Score:0.42772174812516167
INFO:root:-    dev F1 Score: 0.42409033877038893
INFO:root:-    Val p Score:0.2946396876109336
INFO:root:-    Val r Score:0.7786116322701688
INFO:root:-    Val F1 Score:0.4275045068246201
INFO:root:-    dev F1 Score: 0.41052631578947363
INFO:root:-    Val p Score:0.296875
INFO:root:-    Val r Score:0.7307692307692307
INFO:root:-    Val F1 Score:0.42222222222222217
